0 info it worked if it ends with ok
1 verbose cli [ 'C:\\Program Files\\nodejs\\node.exe',
1 verbose cli   'C:\\Program Files\\nodejs\\node_modules\\npm\\bin\\npm-cli.js',
1 verbose cli   'run',
1 verbose cli   'built' ]
2 info using npm@3.10.8
3 info using node@v6.9.1
4 verbose run-script [ 'prebuilt', 'built', 'postbuilt' ]
5 info lifecycle sdfs@1.0.0~prebuilt: sdfs@1.0.0
6 silly lifecycle sdfs@1.0.0~prebuilt: no script for prebuilt, continuing
7 info lifecycle sdfs@1.0.0~built: sdfs@1.0.0
8 verbose lifecycle sdfs@1.0.0~built: unsafe-perm in lifecycle true
9 verbose lifecycle sdfs@1.0.0~built: PATH: C:\Program Files\nodejs\node_modules\npm\bin\node-gyp-bin;D:\webApp\mymusic\mymusic\node_modules\.bin;C:\Program Files (x86)\Intel\iCLS Client\;C:\Program Files\Intel\iCLS Client\;C:\WINDOWS\system32;C:\WINDOWS;C:\WINDOWS\System32\Wbem;C:\WINDOWS\System32\WindowsPowerShell\v1.0\;C:\Program Files (x86)\Intel\Intel(R) Management Engine Components\DAL;C:\Program Files\Intel\Intel(R) Management Engine Components\DAL;C:\Program Files (x86)\Intel\Intel(R) Management Engine Components\IPT;C:\Program Files\Intel\Intel(R) Management Engine Components\IPT;C:\Program Files\Samsung\SamsungLink\AllShare Framework DMS\bin\;C:\Program Files\nodejs\;C:\Program Files\Git\cmd;C:\Users\hdq\AppData\Roaming\npm;%USERPROFILE%\AppData\Local\Microsoft\WindowsApps
10 verbose lifecycle sdfs@1.0.0~built: CWD: D:\webApp\mymusic\mymusic
11 silly lifecycle sdfs@1.0.0~built: Args: [ '/d /s /c',
11 silly lifecycle   'webpack --config ./webpack/webpack.prod.conf.js' ]
12 silly lifecycle sdfs@1.0.0~built: Returned: code: 2  signal: null
13 info lifecycle sdfs@1.0.0~built: Failed to exec built script
14 verbose stack Error: sdfs@1.0.0 built: `webpack --config ./webpack/webpack.prod.conf.js`
14 verbose stack Exit status 2
14 verbose stack     at EventEmitter.<anonymous> (C:\Program Files\nodejs\node_modules\npm\lib\utils\lifecycle.js:255:16)
14 verbose stack     at emitTwo (events.js:106:13)
14 verbose stack     at EventEmitter.emit (events.js:191:7)
14 verbose stack     at ChildProcess.<anonymous> (C:\Program Files\nodejs\node_modules\npm\lib\utils\spawn.js:40:14)
14 verbose stack     at emitTwo (events.js:106:13)
14 verbose stack     at ChildProcess.emit (events.js:191:7)
14 verbose stack     at maybeClose (internal/child_process.js:877:16)
14 verbose stack     at Process.ChildProcess._handle.onexit (internal/child_process.js:226:5)
15 verbose pkgid sdfs@1.0.0
16 verbose cwd D:\webApp\mymusic\mymusic
17 error Windows_NT 10.0.16299
18 error argv "C:\\Program Files\\nodejs\\node.exe" "C:\\Program Files\\nodejs\\node_modules\\npm\\bin\\npm-cli.js" "run" "built"
19 error node v6.9.1
20 error npm  v3.10.8
21 error code ELIFECYCLE
22 error sdfs@1.0.0 built: `webpack --config ./webpack/webpack.prod.conf.js`
22 error Exit status 2
23 error Failed at the sdfs@1.0.0 built script 'webpack --config ./webpack/webpack.prod.conf.js'.
23 error Make sure you have the latest version of node.js and npm installed.
23 error If you do, this is most likely a problem with the sdfs package,
23 error not with npm itself.
23 error Tell the author that this fails on your system:
23 error     webpack --config ./webpack/webpack.prod.conf.js
23 error You can get information on how to open an issue for this project with:
23 error     npm bugs sdfs
23 error Or if that isn't available, you can get their info via:
23 error     npm owner ls sdfs
23 error There is likely additional logging output above.
24 verbose exit [ 1, true ]
